[INFO][2018-12-17 16:51|:07][org.springframework.web.context.ContextLoader]Root WebApplicationContext: initialization started
[INFO][2018-12-17 16:51|:08][org.springframework.web.context.support.XmlWebApplicationContext]Refreshing Root WebApplicationContext: startup date [Mon Dec 17 16:51:08 CST 2018]; root of context hierarchy
[INFO][2018-12-17 16:51|:08][org.springframework.beans.factory.xml.XmlBeanDefinitionReader]Loading XML bean definitions from file [G:\Code\test11\ssm-10\target\classes\applicationContext-dao.xml]
[INFO][2018-12-17 16:51|:08][org.springframework.beans.factory.xml.XmlBeanDefinitionReader]Loading XML bean definitions from file [G:\Code\test11\ssm-10\target\classes\applicationContext-service.xml]
[INFO][2018-12-17 16:51|:08][org.springframework.beans.factory.xml.XmlBeanDefinitionReader]Loading XML bean definitions from file [G:\Code\test11\ssm-10\target\classes\applicationContext-tx.xml]
[INFO][2018-12-17 16:51|:08][org.springframework.context.support.PropertySourcesPlaceholderConfigurer]Loading properties file from class path resource [db.properties]
[INFO][2018-12-17 16:51|:08][org.springframework.beans.factory.annotation.AutowiredAnnotationBeanPostProcessor]JSR-330 'javax.inject.Inject' annotation found and supported for autowiring
[INFO][2018-12-17 16:51|:09][com.alibaba.druid.pool.DruidDataSource]{dataSource-1} inited
[INFO][2018-12-17 16:51|:09][org.springframework.web.context.ContextLoader]Root WebApplicationContext: initialization completed in 1395 ms
[INFO][2018-12-17 16:51|:09][org.springframework.web.servlet.DispatcherServlet]FrameworkServlet 'DispatcherServlet': initialization started
[INFO][2018-12-17 16:51|:09][org.springframework.web.context.support.XmlWebApplicationContext]Refreshing WebApplicationContext for namespace 'DispatcherServlet-servlet': startup date [Mon Dec 17 16:51:09 CST 2018]; parent: Root WebApplicationContext
[INFO][2018-12-17 16:51|:09][org.springframework.beans.factory.xml.XmlBeanDefinitionReader]Loading XML bean definitions from class path resource [spring-mvc.xml]
[INFO][2018-12-17 16:51|:09][org.springframework.beans.factory.annotation.AutowiredAnnotationBeanPostProcessor]JSR-330 'javax.inject.Inject' annotation found and supported for autowiring
[INFO][2018-12-17 16:51|:09][org.springframework.web.servlet.mvc.method.annotation.RequestMappingHandlerAdapter]Looking for @ControllerAdvice: WebApplicationContext for namespace 'DispatcherServlet-servlet': startup date [Mon Dec 17 16:51:09 CST 2018]; parent: Root WebApplicationContext
[INFO][2018-12-17 16:51|:09][org.springframework.web.servlet.mvc.method.annotation.RequestMappingHandlerAdapter]Looking for @ControllerAdvice: WebApplicationContext for namespace 'DispatcherServlet-servlet': startup date [Mon Dec 17 16:51:09 CST 2018]; parent: Root WebApplicationContext
[INFO][2018-12-17 16:51|:09][org.springframework.web.servlet.handler.SimpleUrlHandlerMapping]Mapped URL path [/**] onto handler 'org.springframework.web.servlet.resource.DefaultServletHttpRequestHandler#0'
[INFO][2018-12-17 16:51|:10][org.springframework.web.servlet.DispatcherServlet]FrameworkServlet 'DispatcherServlet': initialization completed in 652 ms
[INFO][2018-12-17 17:02|:11][org.springframework.web.context.ContextLoader]Root WebApplicationContext: initialization started
[INFO][2018-12-17 17:02|:12][org.springframework.web.context.support.XmlWebApplicationContext]Refreshing Root WebApplicationContext: startup date [Mon Dec 17 17:02:12 CST 2018]; root of context hierarchy
[INFO][2018-12-17 17:02|:12][org.springframework.beans.factory.xml.XmlBeanDefinitionReader]Loading XML bean definitions from file [G:\Code\test11\ssm-10\target\classes\applicationContext-dao.xml]
[INFO][2018-12-17 17:02|:12][org.springframework.beans.factory.xml.XmlBeanDefinitionReader]Loading XML bean definitions from file [G:\Code\test11\ssm-10\target\classes\applicationContext-service.xml]
[INFO][2018-12-17 17:02|:12][org.springframework.beans.factory.xml.XmlBeanDefinitionReader]Loading XML bean definitions from file [G:\Code\test11\ssm-10\target\classes\applicationContext-tx.xml]
[INFO][2018-12-17 17:02|:12][org.springframework.context.support.PropertySourcesPlaceholderConfigurer]Loading properties file from class path resource [db.properties]
[INFO][2018-12-17 17:02|:12][org.springframework.beans.factory.annotation.AutowiredAnnotationBeanPostProcessor]JSR-330 'javax.inject.Inject' annotation found and supported for autowiring
[INFO][2018-12-17 17:02|:12][com.alibaba.druid.pool.DruidDataSource]{dataSource-1} inited
[INFO][2018-12-17 17:02|:13][org.springframework.web.context.ContextLoader]Root WebApplicationContext: initialization completed in 1240 ms
[INFO][2018-12-17 17:02|:13][org.springframework.web.servlet.DispatcherServlet]FrameworkServlet 'DispatcherServlet': initialization started
[INFO][2018-12-17 17:02|:13][org.springframework.web.context.support.XmlWebApplicationContext]Refreshing WebApplicationContext for namespace 'DispatcherServlet-servlet': startup date [Mon Dec 17 17:02:13 CST 2018]; parent: Root WebApplicationContext
[INFO][2018-12-17 17:02|:13][org.springframework.beans.factory.xml.XmlBeanDefinitionReader]Loading XML bean definitions from class path resource [spring-mvc.xml]
[INFO][2018-12-17 17:02|:13][org.springframework.beans.factory.annotation.AutowiredAnnotationBeanPostProcessor]JSR-330 'javax.inject.Inject' annotation found and supported for autowiring
[INFO][2018-12-17 17:02|:13][org.springframework.web.servlet.mvc.method.annotation.RequestMappingHandlerAdapter]Looking for @ControllerAdvice: WebApplicationContext for namespace 'DispatcherServlet-servlet': startup date [Mon Dec 17 17:02:13 CST 2018]; parent: Root WebApplicationContext
[INFO][2018-12-17 17:02|:13][org.springframework.web.servlet.mvc.method.annotation.RequestMappingHandlerAdapter]Looking for @ControllerAdvice: WebApplicationContext for namespace 'DispatcherServlet-servlet': startup date [Mon Dec 17 17:02:13 CST 2018]; parent: Root WebApplicationContext
[INFO][2018-12-17 17:02|:13][org.springframework.web.servlet.handler.SimpleUrlHandlerMapping]Mapped URL path [/**] onto handler 'org.springframework.web.servlet.resource.DefaultServletHttpRequestHandler#0'
[INFO][2018-12-17 17:02|:13][org.springframework.web.servlet.DispatcherServlet]FrameworkServlet 'DispatcherServlet': initialization completed in 579 ms
[INFO][2018-12-17 17:03|:48][org.springframework.web.context.ContextLoader]Root WebApplicationContext: initialization started
[INFO][2018-12-17 17:03|:48][org.springframework.web.context.support.XmlWebApplicationContext]Refreshing Root WebApplicationContext: startup date [Mon Dec 17 17:03:48 CST 2018]; root of context hierarchy
[INFO][2018-12-17 17:03|:48][org.springframework.beans.factory.xml.XmlBeanDefinitionReader]Loading XML bean definitions from file [G:\Code\test11\ssm-10\target\classes\applicationContext-dao.xml]
[INFO][2018-12-17 17:03|:48][org.springframework.beans.factory.xml.XmlBeanDefinitionReader]Loading XML bean definitions from file [G:\Code\test11\ssm-10\target\classes\applicationContext-service.xml]
[INFO][2018-12-17 17:03|:49][org.springframework.beans.factory.xml.XmlBeanDefinitionReader]Loading XML bean definitions from file [G:\Code\test11\ssm-10\target\classes\applicationContext-tx.xml]
[INFO][2018-12-17 17:03|:49][org.springframework.context.support.PropertySourcesPlaceholderConfigurer]Loading properties file from class path resource [db.properties]
[INFO][2018-12-17 17:03|:49][org.springframework.beans.factory.annotation.AutowiredAnnotationBeanPostProcessor]JSR-330 'javax.inject.Inject' annotation found and supported for autowiring
[INFO][2018-12-17 17:03|:49][com.alibaba.druid.pool.DruidDataSource]{dataSource-1} inited
[INFO][2018-12-17 17:03|:50][org.springframework.web.context.ContextLoader]Root WebApplicationContext: initialization completed in 1295 ms
[INFO][2018-12-17 17:03|:50][org.springframework.web.servlet.DispatcherServlet]FrameworkServlet 'DispatcherServlet': initialization started
[INFO][2018-12-17 17:03|:50][org.springframework.web.context.support.XmlWebApplicationContext]Refreshing WebApplicationContext for namespace 'DispatcherServlet-servlet': startup date [Mon Dec 17 17:03:50 CST 2018]; parent: Root WebApplicationContext
[INFO][2018-12-17 17:03|:50][org.springframework.beans.factory.xml.XmlBeanDefinitionReader]Loading XML bean definitions from class path resource [spring-mvc.xml]
[INFO][2018-12-17 17:03|:50][org.springframework.beans.factory.annotation.AutowiredAnnotationBeanPostProcessor]JSR-330 'javax.inject.Inject' annotation found and supported for autowiring
[INFO][2018-12-17 17:03|:50][org.springframework.web.servlet.mvc.method.annotation.RequestMappingHandlerAdapter]Looking for @ControllerAdvice: WebApplicationContext for namespace 'DispatcherServlet-servlet': startup date [Mon Dec 17 17:03:50 CST 2018]; parent: Root WebApplicationContext
[INFO][2018-12-17 17:03|:50][org.springframework.web.servlet.mvc.method.annotation.RequestMappingHandlerAdapter]Looking for @ControllerAdvice: WebApplicationContext for namespace 'DispatcherServlet-servlet': startup date [Mon Dec 17 17:03:50 CST 2018]; parent: Root WebApplicationContext
[INFO][2018-12-17 17:03|:50][org.springframework.web.servlet.handler.SimpleUrlHandlerMapping]Mapped URL path [/**] onto handler 'org.springframework.web.servlet.resource.DefaultServletHttpRequestHandler#0'
[INFO][2018-12-17 17:03|:50][org.springframework.web.servlet.DispatcherServlet]FrameworkServlet 'DispatcherServlet': initialization completed in 614 ms
[INFO][2018-12-17 17:56|:25][org.springframework.web.context.ContextLoader]Root WebApplicationContext: initialization started
[INFO][2018-12-17 17:56|:25][org.springframework.web.context.support.XmlWebApplicationContext]Refreshing Root WebApplicationContext: startup date [Mon Dec 17 17:56:25 CST 2018]; root of context hierarchy
[INFO][2018-12-17 17:56|:25][org.springframework.beans.factory.xml.XmlBeanDefinitionReader]Loading XML bean definitions from file [G:\Code\test11\ssm-10\target\classes\applicationContext-dao.xml]
[INFO][2018-12-17 17:56|:25][org.springframework.beans.factory.xml.XmlBeanDefinitionReader]Loading XML bean definitions from file [G:\Code\test11\ssm-10\target\classes\applicationContext-service.xml]
[INFO][2018-12-17 17:56|:25][org.springframework.beans.factory.xml.XmlBeanDefinitionReader]Loading XML bean definitions from file [G:\Code\test11\ssm-10\target\classes\applicationContext-tx.xml]
[INFO][2018-12-17 17:56|:25][org.springframework.context.support.PropertySourcesPlaceholderConfigurer]Loading properties file from class path resource [db.properties]
[INFO][2018-12-17 17:56|:25][org.springframework.beans.factory.annotation.AutowiredAnnotationBeanPostProcessor]JSR-330 'javax.inject.Inject' annotation found and supported for autowiring
[INFO][2018-12-17 17:56|:26][com.alibaba.druid.pool.DruidDataSource]{dataSource-1} inited
[INFO][2018-12-17 17:56|:26][org.springframework.web.context.ContextLoader]Root WebApplicationContext: initialization completed in 1238 ms
[INFO][2018-12-17 17:56|:26][org.springframework.web.servlet.DispatcherServlet]FrameworkServlet 'DispatcherServlet': initialization started
[INFO][2018-12-17 17:56|:26][org.springframework.web.context.support.XmlWebApplicationContext]Refreshing WebApplicationContext for namespace 'DispatcherServlet-servlet': startup date [Mon Dec 17 17:56:26 CST 2018]; parent: Root WebApplicationContext
[INFO][2018-12-17 17:56|:26][org.springframework.beans.factory.xml.XmlBeanDefinitionReader]Loading XML bean definitions from class path resource [spring-mvc.xml]
[INFO][2018-12-17 17:56|:26][org.springframework.beans.factory.annotation.AutowiredAnnotationBeanPostProcessor]JSR-330 'javax.inject.Inject' annotation found and supported for autowiring
[INFO][2018-12-17 17:56|:26][org.springframework.web.servlet.mvc.method.annotation.RequestMappingHandlerAdapter]Looking for @ControllerAdvice: WebApplicationContext for namespace 'DispatcherServlet-servlet': startup date [Mon Dec 17 17:56:26 CST 2018]; parent: Root WebApplicationContext
[INFO][2018-12-17 17:56|:27][org.springframework.web.servlet.mvc.method.annotation.RequestMappingHandlerAdapter]Looking for @ControllerAdvice: WebApplicationContext for namespace 'DispatcherServlet-servlet': startup date [Mon Dec 17 17:56:26 CST 2018]; parent: Root WebApplicationContext
[INFO][2018-12-17 17:56|:27][org.springframework.web.servlet.handler.SimpleUrlHandlerMapping]Mapped URL path [/**] onto handler 'org.springframework.web.servlet.resource.DefaultServletHttpRequestHandler#0'
[INFO][2018-12-17 17:56|:27][org.springframework.web.servlet.DispatcherServlet]FrameworkServlet 'DispatcherServlet': initialization completed in 615 ms
[INFO][2018-12-17 19:30|:41][org.springframework.web.context.ContextLoader]Root WebApplicationContext: initialization started
[INFO][2018-12-17 19:30|:41][org.springframework.web.context.support.XmlWebApplicationContext]Refreshing Root WebApplicationContext: startup date [Mon Dec 17 19:30:41 CST 2018]; root of context hierarchy
[INFO][2018-12-17 19:30|:41][org.springframework.beans.factory.xml.XmlBeanDefinitionReader]Loading XML bean definitions from file [G:\Code\test11\ssm-10\target\classes\applicationContext-dao.xml]
[INFO][2018-12-17 19:30|:41][org.springframework.beans.factory.xml.XmlBeanDefinitionReader]Loading XML bean definitions from file [G:\Code\test11\ssm-10\target\classes\applicationContext-service.xml]
[INFO][2018-12-17 19:30|:41][org.springframework.beans.factory.xml.XmlBeanDefinitionReader]Loading XML bean definitions from file [G:\Code\test11\ssm-10\target\classes\applicationContext-tx.xml]
[INFO][2018-12-17 19:30|:42][org.springframework.context.support.PropertySourcesPlaceholderConfigurer]Loading properties file from class path resource [db.properties]
[INFO][2018-12-17 19:30|:42][org.springframework.beans.factory.annotation.AutowiredAnnotationBeanPostProcessor]JSR-330 'javax.inject.Inject' annotation found and supported for autowiring
[INFO][2018-12-17 19:30|:42][com.alibaba.druid.pool.DruidDataSource]{dataSource-1} inited
[INFO][2018-12-17 19:30|:43][org.springframework.web.context.ContextLoader]Root WebApplicationContext: initialization completed in 1625 ms
[INFO][2018-12-17 19:30|:43][org.springframework.web.servlet.DispatcherServlet]FrameworkServlet 'DispatcherServlet': initialization started
[INFO][2018-12-17 19:30|:43][org.springframework.web.context.support.XmlWebApplicationContext]Refreshing WebApplicationContext for namespace 'DispatcherServlet-servlet': startup date [Mon Dec 17 19:30:43 CST 2018]; parent: Root WebApplicationContext
[INFO][2018-12-17 19:30|:43][org.springframework.beans.factory.xml.XmlBeanDefinitionReader]Loading XML bean definitions from class path resource [spring-mvc.xml]
[INFO][2018-12-17 19:30|:43][org.springframework.beans.factory.annotation.AutowiredAnnotationBeanPostProcessor]JSR-330 'javax.inject.Inject' annotation found and supported for autowiring
[INFO][2018-12-17 19:30|:43][org.springframework.web.servlet.mvc.method.annotation.RequestMappingHandlerAdapter]Looking for @ControllerAdvice: WebApplicationContext for namespace 'DispatcherServlet-servlet': startup date [Mon Dec 17 19:30:43 CST 2018]; parent: Root WebApplicationContext
[INFO][2018-12-17 19:30|:43][org.springframework.web.servlet.mvc.method.annotation.RequestMappingHandlerAdapter]Looking for @ControllerAdvice: WebApplicationContext for namespace 'DispatcherServlet-servlet': startup date [Mon Dec 17 19:30:43 CST 2018]; parent: Root WebApplicationContext
[INFO][2018-12-17 19:30|:43][org.springframework.web.servlet.handler.SimpleUrlHandlerMapping]Mapped URL path [/**] onto handler 'org.springframework.web.servlet.resource.DefaultServletHttpRequestHandler#0'
[INFO][2018-12-17 19:30|:43][org.springframework.web.servlet.DispatcherServlet]FrameworkServlet 'DispatcherServlet': initialization completed in 853 ms
[INFO][2018-12-17 19:34|:24][org.springframework.web.context.ContextLoader]Root WebApplicationContext: initialization started
[INFO][2018-12-17 19:34|:25][org.springframework.web.context.support.XmlWebApplicationContext]Refreshing Root WebApplicationContext: startup date [Mon Dec 17 19:34:25 CST 2018]; root of context hierarchy
[INFO][2018-12-17 19:34|:25][org.springframework.beans.factory.xml.XmlBeanDefinitionReader]Loading XML bean definitions from file [G:\Code\test11\ssm-10\target\classes\applicationContext-dao.xml]
[INFO][2018-12-17 19:34|:25][org.springframework.beans.factory.xml.XmlBeanDefinitionReader]Loading XML bean definitions from file [G:\Code\test11\ssm-10\target\classes\applicationContext-service.xml]
[INFO][2018-12-17 19:34|:25][org.springframework.beans.factory.xml.XmlBeanDefinitionReader]Loading XML bean definitions from file [G:\Code\test11\ssm-10\target\classes\applicationContext-tx.xml]
[INFO][2018-12-17 19:34|:25][org.springframework.context.support.PropertySourcesPlaceholderConfigurer]Loading properties file from class path resource [db.properties]
[INFO][2018-12-17 19:34|:25][org.springframework.beans.factory.annotation.AutowiredAnnotationBeanPostProcessor]JSR-330 'javax.inject.Inject' annotation found and supported for autowiring
[INFO][2018-12-17 19:34|:25][com.alibaba.druid.pool.DruidDataSource]{dataSource-1} inited
[INFO][2018-12-17 19:34|:26][org.springframework.web.context.ContextLoader]Root WebApplicationContext: initialization completed in 1367 ms
[INFO][2018-12-17 19:34|:26][org.springframework.web.servlet.DispatcherServlet]FrameworkServlet 'DispatcherServlet': initialization started
[INFO][2018-12-17 19:34|:26][org.springframework.web.context.support.XmlWebApplicationContext]Refreshing WebApplicationContext for namespace 'DispatcherServlet-servlet': startup date [Mon Dec 17 19:34:26 CST 2018]; parent: Root WebApplicationContext
[INFO][2018-12-17 19:34|:26][org.springframework.beans.factory.xml.XmlBeanDefinitionReader]Loading XML bean definitions from class path resource [spring-mvc.xml]
[INFO][2018-12-17 19:34|:26][org.springframework.beans.factory.annotation.AutowiredAnnotationBeanPostProcessor]JSR-330 'javax.inject.Inject' annotation found and supported for autowiring
[INFO][2018-12-17 19:34|:26][org.springframework.web.servlet.mvc.method.annotation.RequestMappingHandlerAdapter]Looking for @ControllerAdvice: WebApplicationContext for namespace 'DispatcherServlet-servlet': startup date [Mon Dec 17 19:34:26 CST 2018]; parent: Root WebApplicationContext
[INFO][2018-12-17 19:34|:26][org.springframework.web.servlet.mvc.method.annotation.RequestMappingHandlerAdapter]Looking for @ControllerAdvice: WebApplicationContext for namespace 'DispatcherServlet-servlet': startup date [Mon Dec 17 19:34:26 CST 2018]; parent: Root WebApplicationContext
[INFO][2018-12-17 19:34|:26][org.springframework.web.servlet.handler.SimpleUrlHandlerMapping]Mapped URL path [/**] onto handler 'org.springframework.web.servlet.resource.DefaultServletHttpRequestHandler#0'
[INFO][2018-12-17 19:34|:26][org.springframework.web.servlet.DispatcherServlet]FrameworkServlet 'DispatcherServlet': initialization completed in 674 ms
